<?xml version="1.0" encoding="UTF-8"?>
<!-- Generated by org.testng.reporters.JUnitXMLReporter -->
<testsuite ignored="0" hostname="DESKTOP-MG56N09" failures="1" tests="1" name="Test" time="0.545" errors="0" timestamp="2023-01-19T12:09:42 IST">
  <testcase classname="test.NewTest" name="emailValidation" time="0.198">
    <failure type="java.lang.NullPointerException" message="Cannot invoke &amp;quot;org.openqa.selenium.WebDriver.findElement(org.openqa.selenium.By)&amp;quot; because &amp;quot;com.base.AmazonBaseConfigFile.SetupConfigFileCode_BaseFile.browserdriver&amp;quot; is null">
      <![CDATA[java.lang.NullPointerException: Cannot invoke "org.openqa.selenium.WebDriver.findElement(org.openqa.selenium.By)" because "com.base.AmazonBaseConfigFile.SetupConfigFileCode_BaseFile.browserdriver" is null
at seleniumelements.CredentailsSetup.credentail_Username_Set(CredentailsSetup.java:26)
at test.NewTest.emailValidation(NewTest.java:42)
at java.base/java.util.ArrayList.forEach(ArrayList.java:1511)
... Removed 25 stack frames]]>
    </failure>
  </testcase> <!-- emailValidation -->
</testsuite> <!-- Test -->
