<?xml version="1.0" encoding="UTF-8"?>
<testng-results ignored="0" total="1" passed="1" failed="0" skipped="0">
  <reporter-output>
  </reporter-output>
  <suite started-at="2022-12-30T13:47:47 IST" name="Default suite" finished-at="2022-12-30T13:48:56 IST" duration-ms="69078">
    <groups>
      <group name="cucumber">
        <method signature="AbstractTestNGCucumberTests.runScenario(io.cucumber.testng.PickleWrapper,io.cucumber.testng.FeatureWrapper)[pri:0, instance:testng_runner.CucumbrTestNG_Runner@1da2cb77]" name="runScenario" class="io.cucumber.testng.AbstractTestNGCucumberTests"/>
      </group> <!-- cucumber -->
    </groups>
    <test started-at="2022-12-30T13:47:47 IST" name="Default test" finished-at="2022-12-30T13:48:56 IST" duration-ms="69078">
      <class name="testng_runner.CucumbrTestNG_Runner">
        <test-method is-config="true" signature="setUpClass(org.testng.ITestContext)[pri:0, instance:testng_runner.CucumbrTestNG_Runner@1da2cb77]" started-at="2022-12-30T13:47:47 IST" name="setUpClass" finished-at="2022-12-30T13:47:48 IST" duration-ms="729" status="PASS">
          <params>
            <param index="0">
              <value>
                <![CDATA[org.testng.TestRunner@7fd69dd]]>
              </value>
            </param>
          </params>
          <reporter-output>
          </reporter-output>
        </test-method> <!-- setUpClass -->
        <test-method signature="runScenario(io.cucumber.testng.PickleWrapper,io.cucumber.testng.FeatureWrapper)[pri:0, instance:testng_runner.CucumbrTestNG_Runner@1da2cb77]" started-at="2022-12-30T13:47:48 IST" name="runScenario" description="Runs Cucumber Scenarios" data-provider="scenarios" finished-at="2022-12-30T13:48:56 IST" duration-ms="68248" status="PASS">
          <params>
            <param index="0">
              <value>
                <![CDATA["User is able to login into Application"]]>
              </value>
            </param>
            <param index="1">
              <value>
                <![CDATA["Optional[Login Testcases set]"]]>
              </value>
            </param>
          </params>
          <reporter-output>
          </reporter-output>
        </test-method> <!-- runScenario -->
        <test-method is-config="true" signature="tearDownClass()[pri:0, instance:testng_runner.CucumbrTestNG_Runner@1da2cb77]" started-at="2022-12-30T13:48:56 IST" name="tearDownClass" finished-at="2022-12-30T13:48:56 IST" duration-ms="9" status="PASS">
          <reporter-output>
          </reporter-output>
        </test-method> <!-- tearDownClass -->
      </class> <!-- testng_runner.CucumbrTestNG_Runner -->
    </test> <!-- Default test -->
  </suite> <!-- Default suite -->
</testng-results>
